[
  {
    "type": "model_execution",
    "prompt": "如何修复一个Python中的语法错误？",
    "response": "我明白了， 我是Trae AI，直接处理您的请求。\n\n您的输入: 如何修复一个Python中的语法错误？\n\n这是我的直接响应，不需要通过网络请求。",
    "model": "trae",
    "response_time": 0,
    "is_failover": false,
    "success": true,
    "timestamp": "2026-04-13T19:55:04.076633"
  },
  {
    "type": "model_execution",
    "prompt": "什么是机器学习中的过拟合问题？",
    "response": "我明白了， 我是Trae AI，直接处理您的请求。\n\n您的输入: 什么是机器学习中的过拟合问题？\n\n这是我的直接响应，不需要通过网络请求。",
    "model": "trae",
    "response_time": 0,
    "is_failover": false,
    "success": true,
    "timestamp": "2026-04-13T19:55:04.236715"
  },
  {
    "type": "model_execution",
    "prompt": "如何优化数据库查询性能？",
    "response": "我明白了， 我是Trae AI，直接处理您的请求。\n\n您的输入: 如何优化数据库查询性能？\n\n这是我的直接响应，不需要通过网络请求。",
    "model": "trae",
    "response_time": 0,
    "is_failover": false,
    "success": true,
    "timestamp": "2026-04-13T19:55:04.343364"
  },
  {
    "type": "model_execution",
    "prompt": "什么是RESTful API设计原则？",
    "response": "我明白了， 我是Trae AI，直接处理您的请求。\n\n您的输入: 什么是RESTful API设计原则？\n\n这是我的直接响应，不需要通过网络请求。",
    "model": "trae",
    "response_time": 0,
    "is_failover": false,
    "success": true,
    "timestamp": "2026-04-13T19:55:04.459453"
  },
  {
    "type": "model_execution",
    "prompt": "如何处理并发编程中的竞态条件？",
    "response": "我明白了， 我是Trae AI，直接处理您的请求。\n\n您的输入: 如何处理并发编程中的竞态条件？\n\n这是我的直接响应，不需要通过网络请求。",
    "model": "trae",
    "response_time": 0,
    "is_failover": false,
    "success": true,
    "timestamp": "2026-04-13T19:55:04.567664"
  },
  {
    "type": "model_execution",
    "prompt": "<memory-context>\n[System note: The following is recalled memory context, NOT new user input. Treat as informational background data.]\n\n# 相关记忆\n\n\n</memory-context>\n\n如何修复一个Python中的语法错误？",
    "response": "我明白了， 我是Trae AI，直接处理您的请求。\n\n您的输入: <memory-context>\n[System note: The following is recalled memory context, NOT new user input. Treat as informational background data.]\n\n# 相关记忆\n\n\n</memory-context>\n\n如何修复一个Python中的语法错误？\n\n这是我的直接响应，不需要通过网络请求。",
    "model": "trae",
    "response_time": 0,
    "is_failover": false,
    "success": true,
    "timestamp": "2026-04-13T19:55:54.307896"
  },
  {
    "type": "model_execution",
    "prompt": "<memory-context>\n[System note: The following is recalled memory context, NOT new user input. Treat as informational background data.]\n\n# 相关记忆\n\n\n</memory-context>\n\n什么是机器学习中的过拟合问题？",
    "response": "我明白了， 我是Trae AI，直接处理您的请求。\n\n您的输入: <memory-context>\n[System note: The following is recalled memory context, NOT new user input. Treat as informational background data.]\n\n# 相关记忆\n\n\n</memory-context>\n\n什么是机器学习中的过拟合问题？\n\n这是我的直接响应，不需要通过网络请求。",
    "model": "trae",
    "response_time": 0,
    "is_failover": false,
    "success": true,
    "timestamp": "2026-04-13T19:55:54.393176"
  },
  {
    "type": "model_execution",
    "prompt": "<memory-context>\n[System note: The following is recalled memory context, NOT new user input. Treat as informational background data.]\n\n# 相关记忆\n\n\n</memory-context>\n\n如何优化数据库查询性能？",
    "response": "我明白了， 我是Trae AI，直接处理您的请求。\n\n您的输入: <memory-context>\n[System note: The following is recalled memory context, NOT new user input. Treat as informational background data.]\n\n# 相关记忆\n\n\n</memory-context>\n\n如何优化数据库查询性能？\n\n这是我的直接响应，不需要通过网络请求。",
    "model": "trae",
    "response_time": 0,
    "is_failover": false,
    "success": true,
    "timestamp": "2026-04-13T19:55:54.462453"
  },
  {
    "type": "model_execution",
    "prompt": "<memory-context>\n[System note: The following is recalled memory context, NOT new user input. Treat as informational background data.]\n\n# 相关记忆\n\n\n</memory-context>\n\n什么是RESTful API设计原则？",
    "response": "我明白了， 我是Trae AI，直接处理您的请求。\n\n您的输入: <memory-context>\n[System note: The following is recalled memory context, NOT new user input. Treat as informational background data.]\n\n# 相关记忆\n\n\n</memory-context>\n\n什么是RESTful API设计原则？\n\n这是我的直接响应，不需要通过网络请求。",
    "model": "trae",
    "response_time": 0,
    "is_failover": false,
    "success": true,
    "timestamp": "2026-04-13T19:55:54.532320"
  },
  {
    "type": "model_execution",
    "prompt": "<memory-context>\n[System note: The following is recalled memory context, NOT new user input. Treat as informational background data.]\n\n# 相关记忆\n\n\n</memory-context>\n\n如何处理并发编程中的竞态条件？",
    "response": "我明白了， 我是Trae AI，直接处理您的请求。\n\n您的输入: <memory-context>\n[System note: The following is recalled memory context, NOT new user input. Treat as informational background data.]\n\n# 相关记忆\n\n\n</memory-context>\n\n如何处理并发编程中的竞态条件？\n\n这是我的直接响应，不需要通过网络请求。",
    "model": "trae",
    "response_time": 0,
    "is_failover": false,
    "success": true,
    "timestamp": "2026-04-13T19:55:54.602226"
  }
]